<?xml version="1.0" encoding="UTF-8"?>
<!-- Generated by org.testng.reporters.JUnitReportReporter -->
<testsuite skipped="0" hostname="LAPTOP-0IBD1NEI" name="tests.AddProfileInfo" tests="1" failures="0" timestamp="06 Nov 2020 12:28:33 GMT" time="60.975" errors="0">
  <testcase name="testUntitled" time="60.975" classname="tests.AddProfileInfo"/>
</testsuite> <!-- tests.AddProfileInfo -->
