<?xml version="1.0" encoding="UTF-8"?>
<!-- Generated by org.testng.reporters.JUnitReportReporter -->
<testsuite skipped="5" hostname="LAPTOP-0IBD1NEI" name="org.sbn.Sbn_TestClass" tests="6" failures="0" timestamp="18 Nov 2020 07:20:40 GMT" time="28.776" errors="0">
  <testcase name="changepassTest" time="28.776" classname="org.sbn.Sbn_TestClass"/>
  <testcase name="registerTest" classname="org.sbn.Sbn_TestClass">
    <skipped/>
  </testcase> <!-- registerTest -->
  <testcase name="AddProfileTest" classname="org.sbn.Sbn_TestClass">
    <skipped/>
  </testcase> <!-- AddProfileTest -->
  <testcase name="viewAlbum" classname="org.sbn.Sbn_TestClass">
    <skipped/>
  </testcase> <!-- viewAlbum -->
  <testcase name="createpostTest" classname="org.sbn.Sbn_TestClass">
    <skipped/>
  </testcase> <!-- createpostTest -->
  <testcase name="loginTest" classname="org.sbn.Sbn_TestClass">
    <skipped/>
  </testcase> <!-- loginTest -->
</testsuite> <!-- org.sbn.Sbn_TestClass -->
