<?xml version="1.0" encoding="UTF-8"?>
<!-- Generated by org.testng.reporters.JUnitReportReporter -->
<testsuite skipped="0" hostname="LAPTOP-0IBD1NEI" name="tests.Login" tests="1" failures="0" timestamp="09 Nov 2020 04:56:55 GMT" time="193.431" errors="0">
  <testcase name="method" time="193.431" classname="tests.Login"/>
</testsuite> <!-- tests.Login -->
