<?xml version="1.0" encoding="UTF-8"?>
<!-- Generated by org.testng.reporters.JUnitReportReporter -->
<testsuite skipped="0" hostname="LAPTOP-0IBD1NEI" name="tests.VewAlbums" tests="1" failures="0" timestamp="09 Nov 2020 05:15:16 GMT" time="35.303" errors="0">
  <testcase name="testUntitled" time="35.303" classname="tests.VewAlbums"/>
</testsuite> <!-- tests.VewAlbums -->
