<?xml version="1.0" encoding="UTF-8"?>
<!-- Generated by org.testng.reporters.JUnitReportReporter -->
<testsuite skipped="0" hostname="LAPTOP-0IBD1NEI" name="tests.SbnRegister" tests="1" failures="0" timestamp="09 Nov 2020 05:10:48 GMT" time="68.143" errors="0">
  <testcase name="test" time="68.143" classname="tests.SbnRegister"/>
</testsuite> <!-- tests.SbnRegister -->
