<?xml version="1.0" encoding="UTF-8"?>
<!-- Generated by org.testng.reporters.JUnitReportReporter -->
<testsuite skipped="0" hostname="LAPTOP-0IBD1NEI" name="tests.BaseClass" tests="1" failures="0" timestamp="05 Nov 2020 07:29:44 GMT" time="0.007" errors="0">
  <testcase name="sampleTest" time="0.007" classname="tests.BaseClass"/>
</testsuite> <!-- tests.BaseClass -->
