<?xml version="1.0" encoding="UTF-8"?>
<!-- Generated by org.testng.reporters.JUnitReportReporter -->
<testsuite skipped="0" hostname="LAPTOP-0IBD1NEI" name="tests.Sample" tests="1" failures="0" timestamp="05 Nov 2020 13:50:16 GMT" time="49.199" errors="0">
  <testcase name="test" time="49.199" classname="tests.Sample"/>
</testsuite> <!-- tests.Sample -->
