<?xml version="1.0" encoding="UTF-8"?>
<!-- Generated by org.testng.reporters.JUnitReportReporter -->
<testsuite skipped="0" hostname="LAPTOP-0IBD1NEI" name="tests.ChangePassword" tests="1" failures="0" timestamp="09 Nov 2020 05:17:48 GMT" time="42.556" errors="0">
  <testcase name="testUntitled" time="42.556" classname="tests.ChangePassword"/>
</testsuite> <!-- tests.ChangePassword -->
